<?xml version="1.0" encoding="UTF-8"?>
<!-- Generated by org.testng.reporters.JUnitXMLReporter -->
<testsuite ignored="0" hostname="december" failures="0" tests="6" name="Default test" time="879.66" errors="0" timestamp="2020-12-22T00:15:45 EET">
  <testcase classname="md.nineninenine.TransportFiltersTests" name="firstRoLangFiltersTest" time="150.573"/>
  <testcase classname="md.nineninenine.TransportFiltersTests" name="firstRuLangFiltersTest" time="133.894"/>
  <testcase classname="md.nineninenine.TransportFiltersTests" name="secondRoLangFiltersTest" time="134.866"/>
  <testcase classname="md.nineninenine.TransportFiltersTests" name="secondRuLangFiltersTest" time="133.623"/>
  <testcase classname="md.nineninenine.TransportFiltersTests" name="thirdRoLangFiltersTest" time="152.862"/>
  <testcase classname="md.nineninenine.TransportFiltersTests" name="thirdRuLangFiltersTest" time="170.457"/>
</testsuite> <!-- Default test -->
