<?xml version="1.0" encoding="UTF-8"?>
<testng-results ignored="0" total="1" passed="1" failed="0" skipped="0">
  <reporter-output>
  </reporter-output>
  <suite started-at="2020-12-16T18:08:07 EET" name="Surefire suite" finished-at="2020-12-16T18:08:21 EET" duration-ms="14114">
    <groups>
    </groups>
    <test started-at="2020-12-16T18:08:07 EET" name="Surefire test" finished-at="2020-12-16T18:08:21 EET" duration-ms="14114">
      <class name="md.nineninenine.TransportFiltersTests">
        <test-method signature="filterTest()[pri:0, instance:md.nineninenine.TransportFiltersTests@459e9125]" started-at="2020-12-16T18:08:07 EET" name="filterTest" finished-at="2020-12-16T18:08:21 EET" duration-ms="14065" status="PASS">
          <reporter-output>
          </reporter-output>
        </test-method> <!-- filterTest -->
      </class> <!-- md.nineninenine.TransportFiltersTests -->
    </test> <!-- Surefire test -->
  </suite> <!-- Surefire suite -->
</testng-results>
